<?xml version="1.0" encoding="UTF-8"?>
<testsuite xmlns:xsi="http://www.w3.org/2001/XMLSchema-instance" xsi:noNamespaceSchemaLocation="https://maven.apache.org/surefire/maven-surefire-plugin/xsd/surefire-test-report-3.0.xsd" version="3.0" name="com.decathlon.input.CSVInputServiceTest" time="1" tests="6" errors="0" skipped="0" failures="0">
  <properties>
    <property name="sun.desktop" value="windows"/>
    <property name="awt.toolkit" value="sun.awt.windows.WToolkit"/>
    <property name="file.encoding.pkg" value="sun.io"/>
    <property name="java.specification.version" value="1.8"/>
    <property name="sun.cpu.isalist" value="amd64"/>
    <property name="sun.jnu.encoding" value="Cp1252"/>
    <property name="java.class.path" value="E:\Decathlon\target\test-classes;E:\Decathlon\target\classes;C:\Users\VIRAJ\.m2\repository\org\junit\jupiter\junit-jupiter-engine\5.5.1\junit-jupiter-engine-5.5.1.jar;C:\Users\VIRAJ\.m2\repository\org\apiguardian\apiguardian-api\1.1.0\apiguardian-api-1.1.0.jar;C:\Users\VIRAJ\.m2\repository\org\junit\platform\junit-platform-engine\1.5.1\junit-platform-engine-1.5.1.jar;C:\Users\VIRAJ\.m2\repository\org\junit\jupiter\junit-jupiter-api\5.5.1\junit-jupiter-api-5.5.1.jar;C:\Users\VIRAJ\.m2\repository\org\opentest4j\opentest4j\1.2.0\opentest4j-1.2.0.jar;C:\Users\VIRAJ\.m2\repository\org\junit\platform\junit-platform-commons\1.5.1\junit-platform-commons-1.5.1.jar;C:\Users\VIRAJ\.m2\repository\org\mockito\mockito-core\4.5.0\mockito-core-4.5.0.jar;C:\Users\VIRAJ\.m2\repository\net\bytebuddy\byte-buddy\1.12.9\byte-buddy-1.12.9.jar;C:\Users\VIRAJ\.m2\repository\net\bytebuddy\byte-buddy-agent\1.12.9\byte-buddy-agent-1.12.9.jar;C:\Users\VIRAJ\.m2\repository\org\objenesis\objenesis\3.2\objenesis-3.2.jar;"/>
    <property name="java.vm.vendor" value="Amazon.com Inc."/>
    <property name="sun.arch.data.model" value="64"/>
    <property name="user.variant" value=""/>
    <property name="java.vendor.url" value="https://aws.amazon.com/corretto/"/>
    <property name="user.timezone" value="Asia/Calcutta"/>
    <property name="java.vm.specification.version" value="1.8"/>
    <property name="os.name" value="Windows 10"/>
    <property name="user.country" value="IN"/>
    <property name="sun.java.launcher" value="SUN_STANDARD"/>
    <property name="sun.boot.library.path" value="C:\Users\VIRAJ\.jdks\corretto-1.8.0_342\jre\bin"/>
    <property name="sun.java.command" value="C:\Users\VIRAJ\AppData\Local\Temp\surefire8906879307645111993\surefirebooter6119202911858871585.jar C:\Users\VIRAJ\AppData\Local\Temp\surefire8906879307645111993 2022-08-11T22-37-18_591-jvmRun1 surefire1943021313840125942tmp surefire_08852048051076387145tmp"/>
    <property name="surefire.test.class.path" value="E:\Decathlon\target\test-classes;E:\Decathlon\target\classes;C:\Users\VIRAJ\.m2\repository\org\junit\jupiter\junit-jupiter-engine\5.5.1\junit-jupiter-engine-5.5.1.jar;C:\Users\VIRAJ\.m2\repository\org\apiguardian\apiguardian-api\1.1.0\apiguardian-api-1.1.0.jar;C:\Users\VIRAJ\.m2\repository\org\junit\platform\junit-platform-engine\1.5.1\junit-platform-engine-1.5.1.jar;C:\Users\VIRAJ\.m2\repository\org\junit\jupiter\junit-jupiter-api\5.5.1\junit-jupiter-api-5.5.1.jar;C:\Users\VIRAJ\.m2\repository\org\opentest4j\opentest4j\1.2.0\opentest4j-1.2.0.jar;C:\Users\VIRAJ\.m2\repository\org\junit\platform\junit-platform-commons\1.5.1\junit-platform-commons-1.5.1.jar;C:\Users\VIRAJ\.m2\repository\org\mockito\mockito-core\4.5.0\mockito-core-4.5.0.jar;C:\Users\VIRAJ\.m2\repository\net\bytebuddy\byte-buddy\1.12.9\byte-buddy-1.12.9.jar;C:\Users\VIRAJ\.m2\repository\net\bytebuddy\byte-buddy-agent\1.12.9\byte-buddy-agent-1.12.9.jar;C:\Users\VIRAJ\.m2\repository\org\objenesis\objenesis\3.2\objenesis-3.2.jar;"/>
    <property name="sun.cpu.endian" value="little"/>
    <property name="user.home" value="C:\Users\VIRAJ"/>
    <property name="user.language" value="en"/>
    <property name="java.specification.vendor" value="Oracle Corporation"/>
    <property name="java.home" value="C:\Users\VIRAJ\.jdks\corretto-1.8.0_342\jre"/>
    <property name="basedir" value="E:\Decathlon"/>
    <property name="file.separator" value="\"/>
    <property name="line.separator" value="&#10;"/>
    <property name="java.vm.specification.vendor" value="Oracle Corporation"/>
    <property name="java.specification.name" value="Java Platform API Specification"/>
    <property name="java.awt.graphicsenv" value="sun.awt.Win32GraphicsEnvironment"/>
    <property name="surefire.real.class.path" value="C:\Users\VIRAJ\AppData\Local\Temp\surefire8906879307645111993\surefirebooter6119202911858871585.jar"/>
    <property name="sun.boot.class.path" value="C:\Users\VIRAJ\.jdks\corretto-1.8.0_342\jre\lib\resources.jar;C:\Users\VIRAJ\.jdks\corretto-1.8.0_342\jre\lib\rt.jar;C:\Users\VIRAJ\.jdks\corretto-1.8.0_342\jre\lib\sunrsasign.jar;C:\Users\VIRAJ\.jdks\corretto-1.8.0_342\jre\lib\jsse.jar;C:\Users\VIRAJ\.jdks\corretto-1.8.0_342\jre\lib\jce.jar;C:\Users\VIRAJ\.jdks\corretto-1.8.0_342\jre\lib\charsets.jar;C:\Users\VIRAJ\.jdks\corretto-1.8.0_342\jre\lib\jfr.jar;C:\Users\VIRAJ\.jdks\corretto-1.8.0_342\jre\classes"/>
    <property name="user.script" value=""/>
    <property name="sun.management.compiler" value="HotSpot 64-Bit Tiered Compilers"/>
    <property name="java.runtime.version" value="1.8.0_342-b07"/>
    <property name="user.name" value="VIRAJ"/>
    <property name="path.separator" value=";"/>
    <property name="os.version" value="10.0"/>
    <property name="java.endorsed.dirs" value="C:\Users\VIRAJ\.jdks\corretto-1.8.0_342\jre\lib\endorsed"/>
    <property name="java.runtime.name" value="OpenJDK Runtime Environment"/>
    <property name="file.encoding" value="Cp1252"/>
    <property name="java.vm.name" value="OpenJDK 64-Bit Server VM"/>
    <property name="localRepository" value="C:\Users\VIRAJ\.m2\repository"/>
    <property name="java.vendor.url.bug" value="https://github.com/corretto/corretto-8/issues/"/>
    <property name="java.io.tmpdir" value="C:\Users\VIRAJ\AppData\Local\Temp\"/>
    <property name="idea.version" value="2022.1.1"/>
    <property name="java.version" value="1.8.0_342"/>
    <property name="user.dir" value="E:\Decathlon"/>
    <property name="os.arch" value="amd64"/>
    <property name="java.vm.specification.name" value="Java Virtual Machine Specification"/>
    <property name="java.awt.printerjob" value="sun.awt.windows.WPrinterJob"/>
    <property name="sun.os.patch.level" value=""/>
    <property name="java.library.path" value="C:\Users\VIRAJ\.jdks\corretto-1.8.0_342\jre\bin;C:\Windows\Sun\Java\bin;C:\Windows\system32;C:\Windows;C:\Windows\system32;C:\Windows;C:\Windows\System32\Wbem;C:\Windows\System32\WindowsPowerShell\v1.0\;C:\Windows\System32\OpenSSH\;C:\Program Files\Git\cmd;C:\Program Files\nodejs\;C:\Program Files (x86)\Google\Cloud SDK\google-cloud-sdk\bin;C:\jdk-11\bin;C:\Program Files\MySQL\MySQL Shell 8.0\bin\;C:\Users\VIRAJ\AppData\Local\Microsoft\WindowsApps;C:\maven_3_6\bin;C:\Users\VIRAJ\AppData\Roaming\npm;."/>
    <property name="java.vm.info" value="mixed mode"/>
    <property name="java.vendor" value="Amazon.com Inc."/>
    <property name="java.vm.version" value="25.342-b07"/>
    <property name="java.ext.dirs" value="C:\Users\VIRAJ\.jdks\corretto-1.8.0_342\jre\lib\ext;C:\Windows\Sun\Java\lib\ext"/>
    <property name="sun.io.unicode.encoding" value="UnicodeLittle"/>
    <property name="java.class.version" value="52.0"/>
  </properties>
  <testcase name="readInput_emptyLines" classname="com.decathlon.input.CSVInputServiceTest" time="0.938"/>
  <testcase name="timeToSeconds" classname="com.decathlon.input.CSVInputServiceTest" time="0.015"/>
  <testcase name="mapLineToAthlete_validInput" classname="com.decathlon.input.CSVInputServiceTest" time="0"/>
  <testcase name="readInput_singleRecord" classname="com.decathlon.input.CSVInputServiceTest" time="0.016"/>
  <testcase name="mapLineToAthlete_invalidInput" classname="com.decathlon.input.CSVInputServiceTest" time="0"/>
  <testcase name="readInput_multipleLines" classname="com.decathlon.input.CSVInputServiceTest" time="0"/>
</testsuite>